<?xml version="1.0" encoding="UTF-8"?>
<!-- Generated by org.testng.reporters.JUnitReportReporter -->
<testsuite skipped="1" hostname="newusers-MacBook-Pro.local" name="com.qa.verizon.tests.SmartphonesPageTest" tests="3" failures="0" timestamp="2020-07-17T23:46:50 EDT" time="4.252" errors="0">
  <testcase name="verifySmartPhonePageTitle" time="0.022" classname="com.qa.verizon.tests.SmartphonesPageTest"/>
  <system-out/>
  <testcase name="selectPhonesTest" time="4.230" classname="com.qa.verizon.tests.SmartphonesPageTest"/>
  <system-out/>
  <testcase name="veriftHomePageTitleTest" classname="com.qa.verizon.tests.SmartphonesPageTest">
    <skipped/>
  </testcase> <!-- veriftHomePageTitleTest -->
  <system-out/>
</testsuite> <!-- com.qa.verizon.tests.SmartphonesPageTest -->
