<?xml version="1.0" encoding="UTF-8"?>
<!-- Generated by org.testng.reporters.JUnitReportReporter -->
<testsuite skipped="0" hostname="newusers-MacBook-Pro.local" name="com.qa.verizon.tests.ApplePageTest" tests="2" failures="0" timestamp="2020-07-18T00:06:14 EDT" time="16.506" errors="0">
  <testcase name="verifyApplePageTitle" time="1.216" classname="com.qa.verizon.tests.ApplePageTest"/>
  <system-out/>
  <testcase name="applePhoneTest" time="15.290" classname="com.qa.verizon.tests.ApplePageTest"/>
  <system-out/>
</testsuite> <!-- com.qa.verizon.tests.ApplePageTest -->
