<?xml version="1.0" encoding="UTF-8"?>
<!-- Generated by org.testng.reporters.JUnitReportReporter -->
<testsuite skipped="0" hostname="newusers-MacBook-Pro.local" name="com.qa.verizon.tests.LoginPageTest" tests="2" failures="0" timestamp="2020-07-12T01:39:41 EDT" time="16.455" errors="0">
  <testcase name="verifyPageTitleTest" time="5.054" classname="com.qa.verizon.tests.LoginPageTest"/>
  <system-out/>
  <testcase name="loginTest" time="11.401" classname="com.qa.verizon.tests.LoginPageTest"/>
  <system-out/>
</testsuite> <!-- com.qa.verizon.tests.LoginPageTest -->
