<?xml version="1.0" encoding="UTF-8"?>
<!-- Generated by org.testng.reporters.JUnitReportReporter -->
<testsuite skipped="0" hostname="newusers-MacBook-Pro.local" name="com.qa.verizon.tests.HomePageTest_1" tests="2" failures="0" timestamp="2020-07-13T02:38:21 EDT" time="45.718" errors="0">
  <testcase name="verifyPageTitleTest" time="5.061" classname="com.qa.verizon.tests.HomePageTest_1"/>
  <system-out/>
  <testcase name="loginTest" time="40.657" classname="com.qa.verizon.tests.HomePageTest_1"/>
  <system-out/>
</testsuite> <!-- com.qa.verizon.tests.HomePageTest_1 -->
