<?xml version="1.0" encoding="UTF-8"?>
<!-- Generated by org.testng.reporters.JUnitReportReporter -->
<testsuite skipped="0" hostname="newusers-MacBook-Pro.local" name="com.qa.verizon.tests.HomePageTest" tests="2" failures="0" timestamp="2020-07-18T03:37:14 EDT" time="42.432" errors="0">
  <testcase name="verifyPageTitleTest" time="5.102" classname="com.qa.verizon.tests.HomePageTest"/>
  <system-out/>
  <testcase name="loginTest" time="37.330" classname="com.qa.verizon.tests.HomePageTest"/>
  <system-out/>
</testsuite> <!-- com.qa.verizon.tests.HomePageTest -->
